<?xml version="1.0" encoding="UTF-8"?>
<testsuite name="ExternalSortTest" tests="6" skipped="1" failures="0" errors="0" timestamp="2021-10-30T16:08:02" hostname="8c85902e3446.ant.amazon.com" time="2.719">
  <properties/>
  <testcase name="testTemporaryFileCreation" classname="ExternalSortTest" time="0.011"/>
  <testcase name="testFlushing" classname="ExternalSortTest" time="0.0"/>
  <testcase name="testOnLargeData" classname="ExternalSortTest" time="0.0">
    <skipped/>
  </testcase>
  <testcase name="testTransformAndSort" classname="ExternalSortTest" time="0.0"/>
  <testcase name="testOnAccessLog" classname="ExternalSortTest" time="2.7"/>
  <testcase name="testUniqueUsers" classname="ExternalSortTest" time="0.005"/>
  <system-out><![CDATA[Temp file 1 created
Temp file 1 created
Temp file 2 created
Temp file 3 created
Temp file 4 created
Temp file 5 created
Temp file 6 created
Temp file 7 created
Temp file 8 created
Temp file 9 created
Temp file 10 created
Temp file 11 created
Temp file 12 created
Temp file 13 created
Temp file 14 created
Temp file 15 created
Temp file 16 created
Temp file 17 created
Temp file 18 created
Will write output to /tmp/maprout.txt
External sorting  Time taken(seconds) 1777
BruteForce Time taken(seconds) 921
Temp file 1 created
Temp file 2 created
Temp file 3 created
Will write output to /tmpout.txt
]]></system-out>
  <system-err><![CDATA[]]></system-err>
</testsuite>
